16:19:32.576 [main] INFO  TestCases.TC_001_Registration - ******Launched the Application******
16:19:32.610 [main] INFO  TestCases.TC_001_Registration - ******Maximized the broser******
16:19:32.635 [main] INFO  TestCases.TC_001_Registration - ******Waiting for elements to load******
16:19:33.482 [main] INFO  TestCases.TC_001_Registration - *****Clicked on Registration*****
16:19:36.570 [main] INFO  TestCases.TC_001_Registration - *****Firstname entered*****
16:19:36.643 [main] INFO  TestCases.TC_001_Registration - *****Lastname Entered*****
16:19:36.712 [main] INFO  TestCases.TC_001_Registration - *****Address Entered*****
16:19:36.770 [main] INFO  TestCases.TC_001_Registration - *****City Entered*****
16:19:36.817 [main] INFO  TestCases.TC_001_Registration - *****State Entered*****
16:19:36.869 [main] INFO  TestCases.TC_001_Registration - *****Zipcode Entered*****
16:19:36.928 [main] INFO  TestCases.TC_001_Registration - *****Phonenumber Entered*****
16:19:36.982 [main] INFO  TestCases.TC_001_Registration - *****SSN Entered*****
16:19:37.043 [main] INFO  TestCases.TC_001_Registration - *****Username Entered*****
16:19:37.106 [main] INFO  TestCases.TC_001_Registration - *****Password Entered*****
16:19:37.173 [main] INFO  TestCases.TC_001_Registration - *****Confirm Password Entered*****
16:19:37.736 [main] INFO  TestCases.TC_001_Registration - *****Account Created*****
16:19:49.060 [main] INFO  TestCases.TC_001_Registration - ******Closed browser*******
16:59:53.709 [main] INFO  TestCases.TC_001_Registration - ****Launched the Application*****
16:59:53.798 [main] INFO  TestCases.TC_001_Registration - ****Maximized the browser*****
16:59:53.808 [main] INFO  TestCases.TC_001_Registration - ****Waiting for elements to load*****
16:59:55.800 [main] INFO  TestCases.TC_001_Registration - *****Clicked on Registration*****
16:59:58.891 [main] INFO  TestCases.TC_001_Registration - *****Firstname entered*****
16:59:58.954 [main] INFO  TestCases.TC_001_Registration - *****Lastname Entered*****
16:59:59.015 [main] INFO  TestCases.TC_001_Registration - *****Address Entered*****
16:59:59.074 [main] INFO  TestCases.TC_001_Registration - *****City Entered*****
16:59:59.121 [main] INFO  TestCases.TC_001_Registration - *****State Entered*****
16:59:59.175 [main] INFO  TestCases.TC_001_Registration - *****Zipcode Entered*****
16:59:59.234 [main] INFO  TestCases.TC_001_Registration - *****Phonenumber Entered*****
16:59:59.288 [main] INFO  TestCases.TC_001_Registration - *****SSN Entered*****
16:59:59.354 [main] INFO  TestCases.TC_001_Registration - *****Username Entered*****
16:59:59.421 [main] INFO  TestCases.TC_001_Registration - *****Password Entered*****
16:59:59.483 [main] INFO  TestCases.TC_001_Registration - *****Confirm Password Entered*****
17:00:03.520 [main] INFO  TestCases.TC_001_Registration - *****Account Created*****
17:00:14.891 [main] INFO  TestCases.TC_001_Registration - ***Clicked on New Account***
17:00:18.264 [main] INFO  TestCases.TC_001_Registration - ****Closed browser*****
17:01:31.347 [main] INFO  TestCases.TC_001_Registration - ****Launched the Application*****
17:01:34.687 [main] INFO  TestCases.TC_001_Registration - ****Maximized the browser*****
17:01:34.703 [main] INFO  TestCases.TC_001_Registration - ****Waiting for elements to load*****
17:01:35.374 [main] INFO  TestCases.TC_001_Registration - *****Clicked on Registration*****
17:01:38.451 [main] INFO  TestCases.TC_001_Registration - *****Firstname entered*****
17:01:38.512 [main] INFO  TestCases.TC_001_Registration - *****Lastname Entered*****
17:01:38.570 [main] INFO  TestCases.TC_001_Registration - *****Address Entered*****
17:01:38.631 [main] INFO  TestCases.TC_001_Registration - *****City Entered*****
17:01:38.684 [main] INFO  TestCases.TC_001_Registration - *****State Entered*****
17:01:38.744 [main] INFO  TestCases.TC_001_Registration - *****Zipcode Entered*****
17:01:38.804 [main] INFO  TestCases.TC_001_Registration - *****Phonenumber Entered*****
17:01:38.860 [main] INFO  TestCases.TC_001_Registration - *****SSN Entered*****
17:01:38.919 [main] INFO  TestCases.TC_001_Registration - *****Username Entered*****
17:01:38.979 [main] INFO  TestCases.TC_001_Registration - *****Password Entered*****
17:01:39.038 [main] INFO  TestCases.TC_001_Registration - *****Confirm Password Entered*****
17:01:39.465 [main] INFO  TestCases.TC_001_Registration - *****Account Created*****
17:01:49.980 [main] INFO  TestCases.TC_001_Registration - ***Clicked on New Account***
17:01:53.361 [main] INFO  TestCases.TC_001_Registration - ****Closed browser*****
12:30:48.079 [main] INFO  TestCases.TC_001_Registration - ****Launched the Application*****
12:30:51.788 [main] INFO  TestCases.TC_001_Registration - ****Maximized the browser*****
12:30:51.812 [main] INFO  TestCases.TC_001_Registration - ****Waiting for elements to load*****
12:30:52.632 [main] INFO  TestCases.TC_001_Registration - *****Clicked on Registration*****
12:30:55.809 [main] INFO  TestCases.TC_001_Registration - *****Firstname entered*****
12:30:55.882 [main] INFO  TestCases.TC_001_Registration - *****Lastname Entered*****
12:30:55.953 [main] INFO  TestCases.TC_001_Registration - *****Address Entered*****
12:30:56.030 [main] INFO  TestCases.TC_001_Registration - *****City Entered*****
12:30:56.107 [main] INFO  TestCases.TC_001_Registration - *****State Entered*****
12:30:56.202 [main] INFO  TestCases.TC_001_Registration - *****Zipcode Entered*****
12:30:56.291 [main] INFO  TestCases.TC_001_Registration - *****Phonenumber Entered*****
12:30:56.366 [main] INFO  TestCases.TC_001_Registration - *****SSN Entered*****
12:30:56.440 [main] INFO  TestCases.TC_001_Registration - *****Username Entered*****
12:30:56.518 [main] INFO  TestCases.TC_001_Registration - *****Password Entered*****
12:30:56.610 [main] INFO  TestCases.TC_001_Registration - *****Confirm Password Entered*****
12:30:58.049 [main] INFO  TestCases.TC_001_Registration - *****Account Created*****
12:31:08.498 [main] INFO  TestCases.TC_001_Registration - ***Clicked on New Account***
12:31:12.105 [main] INFO  TestCases.TC_001_Registration - ****Closed browser*****
15:07:33.658 [main] INFO  TestCases.TC_001_Registration - ****Launched the Application*****
15:07:33.731 [main] INFO  TestCases.TC_001_Registration - ****Maximized the browser*****
15:07:33.741 [main] INFO  TestCases.TC_001_Registration - ****Waiting for elements to load*****
15:07:34.763 [main] INFO  TestCases.TC_001_Registration - *****Clicked on Registration*****
15:07:37.890 [main] INFO  TestCases.TC_001_Registration - *****Firstname entered*****
15:07:37.965 [main] INFO  TestCases.TC_001_Registration - *****Lastname Entered*****
15:07:38.029 [main] INFO  TestCases.TC_001_Registration - *****Address Entered*****
15:07:38.109 [main] INFO  TestCases.TC_001_Registration - *****City Entered*****
15:07:38.177 [main] INFO  TestCases.TC_001_Registration - *****State Entered*****
15:07:38.244 [main] INFO  TestCases.TC_001_Registration - *****Zipcode Entered*****
15:07:38.308 [main] INFO  TestCases.TC_001_Registration - *****Phonenumber Entered*****
15:07:38.373 [main] INFO  TestCases.TC_001_Registration - *****SSN Entered*****
15:07:38.443 [main] INFO  TestCases.TC_001_Registration - *****Username Entered*****
15:07:38.512 [main] INFO  TestCases.TC_001_Registration - *****Password Entered*****
15:07:38.586 [main] INFO  TestCases.TC_001_Registration - *****Confirm Password Entered*****
15:07:39.816 [main] INFO  TestCases.TC_001_Registration - *****Account Created*****
15:07:59.469 [main] INFO  TestCases.TC_001_Registration - ****Closed browser*****
15:12:01.714 [main] INFO  TestCases.TC_001_Registration - ****Launched the Application*****
15:12:01.769 [main] INFO  TestCases.TC_001_Registration - ****Maximized the browser*****
15:12:01.784 [main] INFO  TestCases.TC_001_Registration - ****Waiting for elements to load*****
15:12:02.500 [main] INFO  TestCases.TC_001_Registration - *****Clicked on Registration*****
15:12:05.650 [main] INFO  TestCases.TC_001_Registration - *****Firstname entered*****
15:12:05.757 [main] INFO  TestCases.TC_001_Registration - *****Lastname Entered*****
15:12:05.868 [main] INFO  TestCases.TC_001_Registration - *****Address Entered*****
15:12:05.983 [main] INFO  TestCases.TC_001_Registration - *****City Entered*****
15:12:06.078 [main] INFO  TestCases.TC_001_Registration - *****State Entered*****
15:12:06.176 [main] INFO  TestCases.TC_001_Registration - *****Zipcode Entered*****
15:12:06.291 [main] INFO  TestCases.TC_001_Registration - *****Phonenumber Entered*****
15:12:06.392 [main] INFO  TestCases.TC_001_Registration - *****SSN Entered*****
15:12:06.473 [main] INFO  TestCases.TC_001_Registration - *****Username Entered*****
15:12:06.558 [main] INFO  TestCases.TC_001_Registration - *****Password Entered*****
15:12:06.643 [main] INFO  TestCases.TC_001_Registration - *****Confirm Password Entered*****
15:12:07.949 [main] INFO  TestCases.TC_001_Registration - *****Account Created*****
15:12:27.637 [main] INFO  TestCases.TC_001_Registration - ****Closed browser*****
15:12:57.625 [main] INFO  TestCases.TC_001_Registration - ****Launched the Application*****
15:12:57.680 [main] INFO  TestCases.TC_001_Registration - ****Maximized the browser*****
15:12:57.690 [main] INFO  TestCases.TC_001_Registration - ****Waiting for elements to load*****
15:12:58.280 [main] INFO  TestCases.TC_001_Registration - *****Clicked on Registration*****
15:13:01.406 [main] INFO  TestCases.TC_001_Registration - *****Firstname entered*****
15:13:01.487 [main] INFO  TestCases.TC_001_Registration - *****Lastname Entered*****
15:13:01.555 [main] INFO  TestCases.TC_001_Registration - *****Address Entered*****
15:13:01.627 [main] INFO  TestCases.TC_001_Registration - *****City Entered*****
15:13:01.681 [main] INFO  TestCases.TC_001_Registration - *****State Entered*****
15:13:01.740 [main] INFO  TestCases.TC_001_Registration - *****Zipcode Entered*****
15:13:01.806 [main] INFO  TestCases.TC_001_Registration - *****Phonenumber Entered*****
15:13:01.869 [main] INFO  TestCases.TC_001_Registration - *****SSN Entered*****
15:13:01.931 [main] INFO  TestCases.TC_001_Registration - *****Username Entered*****
15:13:02.009 [main] INFO  TestCases.TC_001_Registration - *****Password Entered*****
15:13:02.117 [main] INFO  TestCases.TC_001_Registration - *****Confirm Password Entered*****
15:13:03.641 [main] INFO  TestCases.TC_001_Registration - *****Account Created*****
15:13:23.294 [main] INFO  TestCases.TC_001_Registration - ****Closed browser*****
15:14:03.228 [main] INFO  TestCases.TC_001_Registration - ****Launched the Application*****
15:14:03.262 [main] INFO  TestCases.TC_001_Registration - ****Maximized the browser*****
15:14:03.277 [main] INFO  TestCases.TC_001_Registration - ****Waiting for elements to load*****
15:14:03.995 [main] INFO  TestCases.TC_001_Registration - *****Clicked on Registration*****
15:14:07.107 [main] INFO  TestCases.TC_001_Registration - *****Firstname entered*****
15:14:07.207 [main] INFO  TestCases.TC_001_Registration - *****Lastname Entered*****
15:14:07.287 [main] INFO  TestCases.TC_001_Registration - *****Address Entered*****
15:14:07.374 [main] INFO  TestCases.TC_001_Registration - *****City Entered*****
15:14:07.448 [main] INFO  TestCases.TC_001_Registration - *****State Entered*****
15:14:07.529 [main] INFO  TestCases.TC_001_Registration - *****Zipcode Entered*****
15:14:07.613 [main] INFO  TestCases.TC_001_Registration - *****Phonenumber Entered*****
15:14:07.697 [main] INFO  TestCases.TC_001_Registration - *****SSN Entered*****
15:14:07.780 [main] INFO  TestCases.TC_001_Registration - *****Username Entered*****
15:14:07.870 [main] INFO  TestCases.TC_001_Registration - *****Password Entered*****
15:14:07.957 [main] INFO  TestCases.TC_001_Registration - *****Confirm Password Entered*****
15:14:09.203 [main] INFO  TestCases.TC_001_Registration - *****Account Created*****
15:14:28.892 [main] INFO  TestCases.TC_001_Registration - ****Closed browser*****
15:17:33.464 [main] INFO  TestCases.TC_001_Registration - ****Launched the Application*****
15:17:33.527 [main] INFO  TestCases.TC_001_Registration - ****Maximized the browser*****
15:17:33.534 [main] INFO  TestCases.TC_001_Registration - ****Waiting for elements to load*****
15:17:34.194 [main] INFO  TestCases.TC_001_Registration - *****Clicked on Registration*****
15:17:37.331 [main] INFO  TestCases.TC_001_Registration - *****Firstname entered*****
15:17:37.441 [main] INFO  TestCases.TC_001_Registration - *****Lastname Entered*****
15:17:37.552 [main] INFO  TestCases.TC_001_Registration - *****Address Entered*****
15:17:37.664 [main] INFO  TestCases.TC_001_Registration - *****City Entered*****
15:17:37.758 [main] INFO  TestCases.TC_001_Registration - *****State Entered*****
15:17:37.868 [main] INFO  TestCases.TC_001_Registration - *****Zipcode Entered*****
15:17:37.980 [main] INFO  TestCases.TC_001_Registration - *****Phonenumber Entered*****
15:17:38.112 [main] INFO  TestCases.TC_001_Registration - *****SSN Entered*****
15:17:38.196 [main] INFO  TestCases.TC_001_Registration - *****Username Entered*****
15:17:38.283 [main] INFO  TestCases.TC_001_Registration - *****Password Entered*****
15:17:38.366 [main] INFO  TestCases.TC_001_Registration - *****Confirm Password Entered*****
15:17:39.321 [main] INFO  TestCases.TC_001_Registration - *****Account Created*****
15:18:00.068 [main] INFO  TestCases.TC_001_Registration - ****Closed browser*****
15:19:45.519 [main] INFO  TestCases.TC_001_Registration - ****Launched the Application*****
15:19:45.563 [main] INFO  TestCases.TC_001_Registration - ****Maximized the browser*****
15:19:45.585 [main] INFO  TestCases.TC_001_Registration - ****Waiting for elements to load*****
15:19:46.359 [main] INFO  TestCases.TC_001_Registration - *****Clicked on Registration*****
15:19:49.497 [main] INFO  TestCases.TC_001_Registration - *****Firstname entered*****
15:19:49.601 [main] INFO  TestCases.TC_001_Registration - *****Lastname Entered*****
15:19:49.712 [main] INFO  TestCases.TC_001_Registration - *****Address Entered*****
15:19:49.828 [main] INFO  TestCases.TC_001_Registration - *****City Entered*****
15:19:49.908 [main] INFO  TestCases.TC_001_Registration - *****State Entered*****
15:19:49.991 [main] INFO  TestCases.TC_001_Registration - *****Zipcode Entered*****
15:19:50.079 [main] INFO  TestCases.TC_001_Registration - *****Phonenumber Entered*****
15:19:50.160 [main] INFO  TestCases.TC_001_Registration - *****SSN Entered*****
15:19:50.244 [main] INFO  TestCases.TC_001_Registration - *****Username Entered*****
15:19:50.331 [main] INFO  TestCases.TC_001_Registration - *****Password Entered*****
15:19:50.415 [main] INFO  TestCases.TC_001_Registration - *****Confirm Password Entered*****
15:19:50.979 [main] INFO  TestCases.TC_001_Registration - *****Account Created*****
15:20:02.170 [main] INFO  TestCases.TC_001_Registration - ***Clicked on New Account***
15:20:07.721 [main] INFO  TestCases.TC_001_Registration - ****Closed browser*****
15:20:29.878 [main] INFO  TestCases.TC_001_Registration - ****Launched the Application*****
15:20:29.934 [main] INFO  TestCases.TC_001_Registration - ****Maximized the browser*****
15:20:29.940 [main] INFO  TestCases.TC_001_Registration - ****Waiting for elements to load*****
15:20:30.496 [main] INFO  TestCases.TC_001_Registration - *****Clicked on Registration*****
15:20:33.615 [main] INFO  TestCases.TC_001_Registration - *****Firstname entered*****
15:20:33.702 [main] INFO  TestCases.TC_001_Registration - *****Lastname Entered*****
15:20:33.786 [main] INFO  TestCases.TC_001_Registration - *****Address Entered*****
15:20:33.887 [main] INFO  TestCases.TC_001_Registration - *****City Entered*****
15:20:33.957 [main] INFO  TestCases.TC_001_Registration - *****State Entered*****
15:20:34.049 [main] INFO  TestCases.TC_001_Registration - *****Zipcode Entered*****
15:20:34.140 [main] INFO  TestCases.TC_001_Registration - *****Phonenumber Entered*****
15:20:34.224 [main] INFO  TestCases.TC_001_Registration - *****SSN Entered*****
15:20:34.310 [main] INFO  TestCases.TC_001_Registration - *****Username Entered*****
15:20:34.399 [main] INFO  TestCases.TC_001_Registration - *****Password Entered*****
15:20:34.480 [main] INFO  TestCases.TC_001_Registration - *****Confirm Password Entered*****
15:20:35.257 [main] INFO  TestCases.TC_001_Registration - *****Account Created*****
15:20:55.929 [main] INFO  TestCases.TC_001_Registration - ****Closed browser*****
15:21:19.502 [main] INFO  TestCases.TC_001_Registration - ****Launched the Application*****
15:21:19.546 [main] INFO  TestCases.TC_001_Registration - ****Maximized the browser*****
15:21:19.553 [main] INFO  TestCases.TC_001_Registration - ****Waiting for elements to load*****
15:21:20.122 [main] INFO  TestCases.TC_001_Registration - *****Clicked on Registration*****
15:21:23.274 [main] INFO  TestCases.TC_001_Registration - *****Firstname entered*****
15:21:23.383 [main] INFO  TestCases.TC_001_Registration - *****Lastname Entered*****
15:21:23.470 [main] INFO  TestCases.TC_001_Registration - *****Address Entered*****
15:21:23.562 [main] INFO  TestCases.TC_001_Registration - *****City Entered*****
15:21:23.638 [main] INFO  TestCases.TC_001_Registration - *****State Entered*****
15:21:23.720 [main] INFO  TestCases.TC_001_Registration - *****Zipcode Entered*****
15:21:23.806 [main] INFO  TestCases.TC_001_Registration - *****Phonenumber Entered*****
15:21:23.885 [main] INFO  TestCases.TC_001_Registration - *****SSN Entered*****
15:21:23.969 [main] INFO  TestCases.TC_001_Registration - *****Username Entered*****
15:21:24.054 [main] INFO  TestCases.TC_001_Registration - *****Password Entered*****
15:21:24.137 [main] INFO  TestCases.TC_001_Registration - *****Confirm Password Entered*****
15:21:24.597 [main] INFO  TestCases.TC_001_Registration - *****Account Created*****
15:21:45.322 [main] INFO  TestCases.TC_001_Registration - ****Closed browser*****
15:21:55.884 [main] INFO  TestCases.TC_001_Registration - ****Launched the Application*****
15:21:55.948 [main] INFO  TestCases.TC_001_Registration - ****Maximized the browser*****
15:21:55.955 [main] INFO  TestCases.TC_001_Registration - ****Waiting for elements to load*****
15:21:56.753 [main] INFO  TestCases.TC_001_Registration - *****Clicked on Registration*****
15:21:59.897 [main] INFO  TestCases.TC_001_Registration - *****Firstname entered*****
15:22:00.001 [main] INFO  TestCases.TC_001_Registration - *****Lastname Entered*****
15:22:00.104 [main] INFO  TestCases.TC_001_Registration - *****Address Entered*****
15:22:00.200 [main] INFO  TestCases.TC_001_Registration - *****City Entered*****
15:22:00.268 [main] INFO  TestCases.TC_001_Registration - *****State Entered*****
15:22:00.364 [main] INFO  TestCases.TC_001_Registration - *****Zipcode Entered*****
15:22:00.451 [main] INFO  TestCases.TC_001_Registration - *****Phonenumber Entered*****
15:22:00.530 [main] INFO  TestCases.TC_001_Registration - *****SSN Entered*****
15:22:00.615 [main] INFO  TestCases.TC_001_Registration - *****Username Entered*****
15:22:00.709 [main] INFO  TestCases.TC_001_Registration - *****Password Entered*****
15:22:00.801 [main] INFO  TestCases.TC_001_Registration - *****Confirm Password Entered*****
15:22:01.332 [main] INFO  TestCases.TC_001_Registration - *****Account Created*****
15:22:21.846 [main] INFO  TestCases.TC_001_Registration - ****Closed browser*****
15:22:42.960 [main] INFO  TestCases.TC_001_Registration - ****Launched the Application*****
15:22:45.484 [main] INFO  TestCases.TC_001_Registration - ****Maximized the browser*****
15:22:45.503 [main] INFO  TestCases.TC_001_Registration - ****Waiting for elements to load*****
15:22:46.299 [main] INFO  TestCases.TC_001_Registration - *****Clicked on Registration*****
15:22:49.423 [main] INFO  TestCases.TC_001_Registration - *****Firstname entered*****
15:22:49.534 [main] INFO  TestCases.TC_001_Registration - *****Lastname Entered*****
15:22:49.647 [main] INFO  TestCases.TC_001_Registration - *****Address Entered*****
15:22:49.763 [main] INFO  TestCases.TC_001_Registration - *****City Entered*****
15:22:49.866 [main] INFO  TestCases.TC_001_Registration - *****State Entered*****
15:22:49.971 [main] INFO  TestCases.TC_001_Registration - *****Zipcode Entered*****
15:22:50.079 [main] INFO  TestCases.TC_001_Registration - *****Phonenumber Entered*****
15:22:50.189 [main] INFO  TestCases.TC_001_Registration - *****SSN Entered*****
15:22:50.306 [main] INFO  TestCases.TC_001_Registration - *****Username Entered*****
15:22:50.401 [main] INFO  TestCases.TC_001_Registration - *****Password Entered*****
15:22:50.491 [main] INFO  TestCases.TC_001_Registration - *****Confirm Password Entered*****
15:22:51.453 [main] INFO  TestCases.TC_001_Registration - *****Account Created*****
15:23:11.969 [main] INFO  TestCases.TC_001_Registration - ****Closed browser*****
15:23:38.081 [main] INFO  TestCases.TC_001_Registration - ****Launched the Application*****
15:23:38.134 [main] INFO  TestCases.TC_001_Registration - ****Maximized the browser*****
15:23:38.146 [main] INFO  TestCases.TC_001_Registration - ****Waiting for elements to load*****
15:23:39.210 [main] INFO  TestCases.TC_001_Registration - *****Clicked on Registration*****
15:23:42.333 [main] INFO  TestCases.TC_001_Registration - *****Firstname entered*****
15:23:42.406 [main] INFO  TestCases.TC_001_Registration - *****Lastname Entered*****
15:23:42.469 [main] INFO  TestCases.TC_001_Registration - *****Address Entered*****
15:23:42.558 [main] INFO  TestCases.TC_001_Registration - *****City Entered*****
15:23:42.632 [main] INFO  TestCases.TC_001_Registration - *****State Entered*****
15:23:42.709 [main] INFO  TestCases.TC_001_Registration - *****Zipcode Entered*****
15:23:42.799 [main] INFO  TestCases.TC_001_Registration - *****Phonenumber Entered*****
15:23:42.894 [main] INFO  TestCases.TC_001_Registration - *****SSN Entered*****
15:23:42.995 [main] INFO  TestCases.TC_001_Registration - *****Username Entered*****
15:23:43.077 [main] INFO  TestCases.TC_001_Registration - *****Password Entered*****
15:23:43.163 [main] INFO  TestCases.TC_001_Registration - *****Confirm Password Entered*****
15:23:44.544 [main] INFO  TestCases.TC_001_Registration - *****Account Created*****
15:23:55.881 [main] INFO  TestCases.TC_001_Registration - ***Clicked on New Account***
15:24:01.464 [main] INFO  TestCases.TC_001_Registration - ****Closed browser*****
15:24:56.351 [main] INFO  TestCases.TC_001_Registration - ****Launched the Application*****
15:24:56.410 [main] INFO  TestCases.TC_001_Registration - ****Maximized the browser*****
15:24:56.422 [main] INFO  TestCases.TC_001_Registration - ****Waiting for elements to load*****
15:24:57.178 [main] INFO  TestCases.TC_001_Registration - *****Clicked on Registration*****
15:25:00.299 [main] INFO  TestCases.TC_001_Registration - *****Firstname entered*****
15:25:00.392 [main] INFO  TestCases.TC_001_Registration - *****Lastname Entered*****
15:25:00.478 [main] INFO  TestCases.TC_001_Registration - *****Address Entered*****
15:25:00.564 [main] INFO  TestCases.TC_001_Registration - *****City Entered*****
15:25:00.639 [main] INFO  TestCases.TC_001_Registration - *****State Entered*****
15:25:00.718 [main] INFO  TestCases.TC_001_Registration - *****Zipcode Entered*****
15:25:00.800 [main] INFO  TestCases.TC_001_Registration - *****Phonenumber Entered*****
15:25:00.877 [main] INFO  TestCases.TC_001_Registration - *****SSN Entered*****
15:25:00.961 [main] INFO  TestCases.TC_001_Registration - *****Username Entered*****
15:25:01.044 [main] INFO  TestCases.TC_001_Registration - *****Password Entered*****
15:25:01.135 [main] INFO  TestCases.TC_001_Registration - *****Confirm Password Entered*****
15:25:02.329 [main] INFO  TestCases.TC_001_Registration - *****Account Created*****
15:25:22.895 [main] INFO  TestCases.TC_001_Registration - ****Closed browser*****
15:25:43.191 [main] INFO  TestCases.TC_001_Registration - ****Launched the Application*****
15:25:43.243 [main] INFO  TestCases.TC_001_Registration - ****Maximized the browser*****
15:25:43.254 [main] INFO  TestCases.TC_001_Registration - ****Waiting for elements to load*****
15:25:44.029 [main] INFO  TestCases.TC_001_Registration - *****Clicked on Registration*****
15:25:47.199 [main] INFO  TestCases.TC_001_Registration - *****Firstname entered*****
15:25:47.285 [main] INFO  TestCases.TC_001_Registration - *****Lastname Entered*****
15:25:47.355 [main] INFO  TestCases.TC_001_Registration - *****Address Entered*****
15:25:47.431 [main] INFO  TestCases.TC_001_Registration - *****City Entered*****
15:25:47.489 [main] INFO  TestCases.TC_001_Registration - *****State Entered*****
15:25:47.574 [main] INFO  TestCases.TC_001_Registration - *****Zipcode Entered*****
15:25:47.664 [main] INFO  TestCases.TC_001_Registration - *****Phonenumber Entered*****
15:25:47.759 [main] INFO  TestCases.TC_001_Registration - *****SSN Entered*****
15:25:47.843 [main] INFO  TestCases.TC_001_Registration - *****Username Entered*****
15:25:47.935 [main] INFO  TestCases.TC_001_Registration - *****Password Entered*****
15:25:48.027 [main] INFO  TestCases.TC_001_Registration - *****Confirm Password Entered*****
15:25:49.727 [main] INFO  TestCases.TC_001_Registration - *****Account Created*****
15:26:00.203 [main] INFO  TestCases.TC_001_Registration - ***Clicked on New Account***
15:26:05.778 [main] INFO  TestCases.TC_001_Registration - ****Closed browser*****
10:37:18.170 [main] INFO  TestCases.TC_001_Registration - ****Launched the Application*****
10:37:18.243 [main] INFO  TestCases.TC_001_Registration - ****Maximized the browser*****
10:37:18.258 [main] INFO  TestCases.TC_001_Registration - ****Waiting for elements to load*****
10:37:19.062 [main] INFO  TestCases.TC_001_Registration - *****Clicked on Registration*****
10:37:22.242 [main] INFO  TestCases.TC_001_Registration - *****Firstname entered*****
10:37:22.345 [main] INFO  TestCases.TC_001_Registration - *****Lastname Entered*****
10:37:22.435 [main] INFO  TestCases.TC_001_Registration - *****Address Entered*****
10:37:22.522 [main] INFO  TestCases.TC_001_Registration - *****City Entered*****
10:37:22.599 [main] INFO  TestCases.TC_001_Registration - *****State Entered*****
10:37:22.685 [main] INFO  TestCases.TC_001_Registration - *****Zipcode Entered*****
10:37:22.785 [main] INFO  TestCases.TC_001_Registration - *****Phonenumber Entered*****
10:37:22.872 [main] INFO  TestCases.TC_001_Registration - *****SSN Entered*****
10:37:22.967 [main] INFO  TestCases.TC_001_Registration - *****Username Entered*****
10:37:23.060 [main] INFO  TestCases.TC_001_Registration - *****Password Entered*****
10:37:23.165 [main] INFO  TestCases.TC_001_Registration - *****Confirm Password Entered*****
10:37:23.691 [main] INFO  TestCases.TC_001_Registration - *****Account Created*****
10:37:34.262 [main] INFO  TestCases.TC_001_Registration - ***Clicked on New Account***
10:37:39.879 [main] INFO  TestCases.TC_001_Registration - ****Closed browser*****
10:59:48.132 [main] INFO  TestCases.TC_001_Registration - ****Launched the Application*****
10:59:50.175 [main] INFO  TestCases.TC_001_Registration - ****Maximized the browser*****
10:59:50.190 [main] INFO  TestCases.TC_001_Registration - ****Waiting for elements to load*****
10:59:51.066 [main] INFO  TestCases.TC_001_Registration - *****Clicked on Registration*****
10:59:54.213 [main] INFO  TestCases.TC_001_Registration - *****Firstname entered*****
10:59:54.301 [main] INFO  TestCases.TC_001_Registration - *****Lastname Entered*****
10:59:54.388 [main] INFO  TestCases.TC_001_Registration - *****Address Entered*****
10:59:54.482 [main] INFO  TestCases.TC_001_Registration - *****City Entered*****
10:59:54.560 [main] INFO  TestCases.TC_001_Registration - *****State Entered*****
10:59:54.642 [main] INFO  TestCases.TC_001_Registration - *****Zipcode Entered*****
10:59:54.732 [main] INFO  TestCases.TC_001_Registration - *****Phonenumber Entered*****
10:59:54.819 [main] INFO  TestCases.TC_001_Registration - *****SSN Entered*****
10:59:54.906 [main] INFO  TestCases.TC_001_Registration - *****Username Entered*****
10:59:55.014 [main] INFO  TestCases.TC_001_Registration - *****Password Entered*****
10:59:55.125 [main] INFO  TestCases.TC_001_Registration - *****Confirm Password Entered*****
10:59:55.818 [main] INFO  TestCases.TC_001_Registration - *****Account Created*****
11:00:06.385 [main] INFO  TestCases.TC_001_Registration - ***Clicked on New Account***
11:00:11.945 [main] INFO  TestCases.TC_001_Registration - ****Closed browser*****
11:03:52.760 [main] INFO  TestCases.TC_001_Registration - ****Launched the Application*****
11:03:52.821 [main] INFO  TestCases.TC_001_Registration - ****Maximized the browser*****
11:03:52.843 [main] INFO  TestCases.TC_001_Registration - ****Waiting for elements to load*****
11:03:54.079 [main] INFO  TestCases.TC_001_Registration - *****Clicked on Registration*****
11:03:57.202 [main] INFO  TestCases.TC_001_Registration - *****Firstname entered*****
11:03:57.298 [main] INFO  TestCases.TC_001_Registration - *****Lastname Entered*****
11:03:57.386 [main] INFO  TestCases.TC_001_Registration - *****Address Entered*****
11:03:57.480 [main] INFO  TestCases.TC_001_Registration - *****City Entered*****
11:03:57.555 [main] INFO  TestCases.TC_001_Registration - *****State Entered*****
11:03:57.637 [main] INFO  TestCases.TC_001_Registration - *****Zipcode Entered*****
11:03:57.732 [main] INFO  TestCases.TC_001_Registration - *****Phonenumber Entered*****
11:03:57.834 [main] INFO  TestCases.TC_001_Registration - *****SSN Entered*****
11:03:57.925 [main] INFO  TestCases.TC_001_Registration - *****Username Entered*****
11:03:58.023 [main] INFO  TestCases.TC_001_Registration - *****Password Entered*****
11:03:58.116 [main] INFO  TestCases.TC_001_Registration - *****Confirm Password Entered*****
11:03:58.654 [main] INFO  TestCases.TC_001_Registration - *****Account Created*****
11:04:10.288 [main] INFO  TestCases.TC_001_Registration - ***Clicked on New Account***
11:04:16.843 [main] INFO  TestCases.TC_001_Registration - ****Closed browser*****
12:44:39.677 [main] INFO  TestCases1.TC_001_loginvaliddata - ****Launched the Application*****
12:44:39.743 [main] INFO  TestCases1.TC_001_loginvaliddata - ****Maximized the browser*****
12:44:39.780 [main] INFO  TestCases1.TC_001_loginvaliddata - ****Waiting for elements to load*****
12:44:40.287 [main] INFO  TestCases1.TC_001_loginvaliddata - *****Clicked on login*****
12:44:43.374 [main] INFO  TestCases1.TC_001_loginvaliddata - *****Continue with email-id*****
12:44:44.333 [main] INFO  TestCases1.TC_001_loginvaliddata - ****Closed browser*****
12:47:34.315 [main] INFO  TestCases1.TC_001_loginvaliddata - ****Launched the Application*****
12:47:34.365 [main] INFO  TestCases1.TC_001_loginvaliddata - ****Maximized the browser*****
12:47:34.373 [main] INFO  TestCases1.TC_001_loginvaliddata - ****Waiting for elements to load*****
12:47:34.818 [main] INFO  TestCases1.TC_001_loginvaliddata - *****Clicked on login*****
12:47:37.886 [main] INFO  TestCases1.TC_001_loginvaliddata - *****Continue with email-id*****
12:47:38.730 [main] INFO  TestCases1.TC_001_loginvaliddata - ****Closed browser*****
12:50:21.797 [main] INFO  TestCases.TC_001_Registration - ****Launched the Application*****
12:50:21.843 [main] INFO  TestCases.TC_001_Registration - ****Maximized the browser*****
12:50:21.850 [main] INFO  TestCases.TC_001_Registration - ****Waiting for elements to load*****
12:50:22.944 [main] INFO  TestCases.TC_001_Registration - *****Clicked on Registration*****
12:50:26.030 [main] INFO  TestCases.TC_001_Registration - *****Firstname entered*****
12:50:26.096 [main] INFO  TestCases.TC_001_Registration - *****Lastname Entered*****
12:50:26.165 [main] INFO  TestCases.TC_001_Registration - *****Address Entered*****
12:50:26.241 [main] INFO  TestCases.TC_001_Registration - *****City Entered*****
12:50:26.293 [main] INFO  TestCases.TC_001_Registration - *****State Entered*****
12:50:26.353 [main] INFO  TestCases.TC_001_Registration - *****Zipcode Entered*****
12:50:26.420 [main] INFO  TestCases.TC_001_Registration - *****Phonenumber Entered*****
12:50:26.479 [main] INFO  TestCases.TC_001_Registration - *****SSN Entered*****
12:50:26.543 [main] INFO  TestCases.TC_001_Registration - *****Username Entered*****
12:50:26.612 [main] INFO  TestCases.TC_001_Registration - *****Password Entered*****
12:50:26.681 [main] INFO  TestCases.TC_001_Registration - *****Confirm Password Entered*****
12:50:29.064 [main] INFO  TestCases.TC_001_Registration - *****Account Created*****
12:50:41.059 [main] INFO  TestCases.TC_001_Registration - ***Clicked on New Account***
12:50:46.886 [main] INFO  TestCases.TC_001_Registration - ****Closed browser*****
12:56:32.454 [main] INFO  TestCases1.TC_001_loginvaliddata - ****Launched the Application*****
12:56:32.560 [main] INFO  TestCases1.TC_001_loginvaliddata - ****Maximized the browser*****
12:56:32.570 [main] INFO  TestCases1.TC_001_loginvaliddata - ****Waiting for elements to load*****
12:56:32.916 [main] INFO  TestCases1.TC_001_loginvaliddata - *****Clicked on login*****
12:56:35.980 [main] INFO  TestCases1.TC_001_loginvaliddata - *****Continue with email-id*****
12:56:36.955 [main] INFO  TestCases1.TC_001_loginvaliddata - ****Closed browser*****
14:20:48.792 [main] INFO  TestCases1.TC_001_loginvaliddata - ****Launched the Application*****
14:20:48.985 [main] INFO  TestCases1.TC_001_loginvaliddata - ****Maximized the browser*****
14:20:49.022 [main] INFO  TestCases1.TC_001_loginvaliddata - ****Waiting for elements to load*****
14:20:49.313 [main] INFO  TestCases1.TC_001_loginvaliddata - *****Clicked on login*****
14:20:52.395 [main] INFO  TestCases1.TC_001_loginvaliddata - *****Continue with email-id*****
14:20:53.021 [main] INFO  TestCases1.TC_001_loginvaliddata - ****Closed browser*****
14:26:45.601 [main] INFO  TestCases1.TC_001_loginvaliddata - ****Launched the Application*****
14:26:45.681 [main] INFO  TestCases1.TC_001_loginvaliddata - ****Maximized the browser*****
14:26:45.716 [main] INFO  TestCases1.TC_001_loginvaliddata - ****Waiting for elements to load*****
14:26:46.032 [main] INFO  TestCases1.TC_001_loginvaliddata - *****Clicked on login*****
14:26:49.140 [main] INFO  TestCases1.TC_001_loginvaliddata - *****Continue with email-id*****
14:26:49.917 [main] INFO  TestCases1.TC_001_loginvaliddata - ****Closed browser*****
14:28:36.642 [main] INFO  TestCases1.TC_001_loginvaliddata - ****Launched the Application*****
14:28:36.721 [main] INFO  TestCases1.TC_001_loginvaliddata - ****Maximized the browser*****
14:28:36.741 [main] INFO  TestCases1.TC_001_loginvaliddata - ****Waiting for elements to load*****
14:28:37.016 [main] INFO  TestCases1.TC_001_loginvaliddata - *****Clicked on login*****
14:28:40.138 [main] INFO  TestCases1.TC_001_loginvaliddata - *****Continue with email-id*****
14:28:40.901 [main] INFO  TestCases1.TC_001_loginvaliddata - ****Closed browser*****
14:29:18.800 [main] INFO  TestCases1.TC_001_loginvaliddata - ****Launched the Application*****
14:29:27.697 [main] INFO  TestCases1.TC_001_loginvaliddata - ****Maximized the browser*****
14:29:27.712 [main] INFO  TestCases1.TC_001_loginvaliddata - ****Waiting for elements to load*****
14:29:28.219 [main] INFO  TestCases1.TC_001_loginvaliddata - *****Clicked on login*****
14:29:31.339 [main] INFO  TestCases1.TC_001_loginvaliddata - *****Continue with email-id*****
14:29:35.031 [main] INFO  TestCases1.TC_001_loginvaliddata - ****Closed browser*****
14:32:00.607 [main] INFO  TestCases1.TC_001_loginvaliddata - ****Launched the Application*****
14:32:00.702 [main] INFO  TestCases1.TC_001_loginvaliddata - ****Maximized the browser*****
14:32:00.732 [main] INFO  TestCases1.TC_001_loginvaliddata - ****Waiting for elements to load*****
14:32:00.999 [main] INFO  TestCases1.TC_001_loginvaliddata - *****Clicked on login*****
14:32:04.148 [main] INFO  TestCases1.TC_001_loginvaliddata - *****Continue with email-id*****
14:32:08.035 [main] INFO  TestCases1.TC_001_loginvaliddata - ****Closed browser*****
14:33:20.544 [main] INFO  TestCases1.TC_001_loginvaliddata - ****Launched the Application*****
14:33:20.613 [main] INFO  TestCases1.TC_001_loginvaliddata - ****Maximized the browser*****
14:33:20.628 [main] INFO  TestCases1.TC_001_loginvaliddata - ****Waiting for elements to load*****
14:33:20.992 [main] INFO  TestCases1.TC_001_loginvaliddata - *****Clicked on login*****
14:33:24.131 [main] INFO  TestCases1.TC_001_loginvaliddata - *****Continue with email-id*****
14:33:27.951 [main] INFO  TestCases1.TC_001_loginvaliddata - ****Closed browser*****
15:28:08.300 [main] INFO  TestCases1.TC_001_loginvaliddata - ****Launched the Application*****
15:28:08.500 [main] INFO  TestCases1.TC_001_loginvaliddata - ****Maximized the browser*****
15:28:08.526 [main] INFO  TestCases1.TC_001_loginvaliddata - ****Waiting for elements to load*****
15:28:08.835 [main] INFO  TestCases1.TC_001_loginvaliddata - *****Clicked on login*****
15:28:11.922 [main] INFO  TestCases1.TC_001_loginvaliddata - *****Continue with email-id*****
15:28:16.135 [main] INFO  TestCases1.TC_001_loginvaliddata - ****Closed browser*****
15:38:36.020 [main] INFO  TestCases1.TC_001_loginvaliddata - ****Launched the Application*****
15:38:36.156 [main] INFO  TestCases1.TC_001_loginvaliddata - ****Maximized the browser*****
15:38:36.172 [main] INFO  TestCases1.TC_001_loginvaliddata - ****Waiting for elements to load*****
15:38:36.474 [main] INFO  TestCases1.TC_001_loginvaliddata - *****Clicked on login*****
15:38:39.586 [main] INFO  TestCases1.TC_001_loginvaliddata - *****Continue with email-id*****
15:38:42.932 [main] INFO  TestCases1.TC_001_loginvaliddata - *****Enter the Email-id*****
15:38:43.043 [main] INFO  TestCases1.TC_001_loginvaliddata - ******autocomplete drp click****
15:38:43.150 [main] INFO  TestCases1.TC_001_loginvaliddata - *****click on continue button*****
15:38:43.519 [main] INFO  TestCases1.TC_001_loginvaliddata - *****password Entered*****
15:38:43.681 [main] INFO  TestCases1.TC_001_loginvaliddata - ******click on continue button****
15:38:44.607 [main] INFO  TestCases1.TC_001_loginvaliddata - ****Closed browser*****
15:51:55.971 [main] INFO  TestCases1.TC_002_logininvaliddata - ****Launched the Application*****
15:51:56.047 [main] INFO  TestCases1.TC_002_logininvaliddata - ****Maximized the browser*****
15:51:56.064 [main] INFO  TestCases1.TC_002_logininvaliddata - ****Waiting for elements to load*****
15:51:56.371 [main] INFO  TestCases1.TC_002_logininvaliddata - *****Clicked on login*****
15:51:59.499 [main] INFO  TestCases1.TC_002_logininvaliddata - *****Continue with email-id*****
15:52:02.816 [main] INFO  TestCases1.TC_002_logininvaliddata - *****Enter the Email-id*****
15:52:02.928 [main] INFO  TestCases1.TC_002_logininvaliddata - ******autocomplete drp click****
15:52:03.015 [main] INFO  TestCases1.TC_002_logininvaliddata - *****click on continue button*****
15:52:03.616 [main] INFO  TestCases1.TC_002_logininvaliddata - ****Closed browser*****
15:53:49.243 [main] INFO  TestCases1.TC_002_logininvaliddata - ****Launched the Application*****
15:53:49.318 [main] INFO  TestCases1.TC_002_logininvaliddata - ****Maximized the browser*****
15:53:49.340 [main] INFO  TestCases1.TC_002_logininvaliddata - ****Waiting for elements to load*****
15:53:49.630 [main] INFO  TestCases1.TC_002_logininvaliddata - *****Clicked on login*****
15:53:52.751 [main] INFO  TestCases1.TC_002_logininvaliddata - *****Continue with email-id*****
15:53:56.038 [main] INFO  TestCases1.TC_002_logininvaliddata - *****Enter the Email-id*****
15:53:56.131 [main] INFO  TestCases1.TC_002_logininvaliddata - ******autocomplete drp click****
15:53:56.207 [main] INFO  TestCases1.TC_002_logininvaliddata - *****click on continue button*****
15:53:59.261 [main] INFO  TestCases1.TC_002_logininvaliddata - *****password Entered*****
15:53:59.342 [main] INFO  TestCases1.TC_002_logininvaliddata - ******click on continue button****
15:53:59.903 [main] INFO  TestCases1.TC_002_logininvaliddata - ****Closed browser*****
16:00:01.780 [main] INFO  TestCases1.TC_003logininvalidemail - ****Launched the Application*****
16:00:01.884 [main] INFO  TestCases1.TC_003logininvalidemail - ****Maximized the browser*****
16:00:01.901 [main] INFO  TestCases1.TC_003logininvalidemail - ****Waiting for elements to load*****
16:00:02.204 [main] INFO  TestCases1.TC_003logininvalidemail - *****Clicked on login*****
16:00:05.326 [main] INFO  TestCases1.TC_003logininvalidemail - *****Continue with email-id*****
16:00:08.583 [main] INFO  TestCases1.TC_003logininvalidemail - *****Enter the Email-id*****
16:00:19.294 [main] INFO  TestCases1.TC_003logininvalidemail - ****Closed browser*****
16:06:42.359 [main] INFO  TestCases1.TC_002_logininvaliddata - ****Launched the Application*****
16:06:42.455 [main] INFO  TestCases1.TC_002_logininvaliddata - ****Maximized the browser*****
16:06:42.479 [main] INFO  TestCases1.TC_002_logininvaliddata - ****Waiting for elements to load*****
16:06:42.797 [main] INFO  TestCases1.TC_002_logininvaliddata - *****Clicked on login*****
16:06:45.918 [main] INFO  TestCases1.TC_002_logininvaliddata - *****Continue with email-id*****
16:06:49.242 [main] INFO  TestCases1.TC_002_logininvaliddata - *****Enter the Email-id*****
16:06:49.340 [main] INFO  TestCases1.TC_002_logininvaliddata - ******autocomplete drp click****
16:06:49.428 [main] INFO  TestCases1.TC_002_logininvaliddata - *****click on continue button*****
16:06:50.023 [main] INFO  TestCases1.TC_002_logininvaliddata - *****password Entered*****
16:06:50.118 [main] INFO  TestCases1.TC_002_logininvaliddata - ******click on continue button****
16:06:50.745 [main] INFO  TestCases1.TC_002_logininvaliddata - ****Closed browser*****
16:12:18.368 [main] INFO  TestCases1.TC_002_logininvaliddata - ****Launched the Application*****
16:12:19.868 [main] INFO  TestCases1.TC_002_logininvaliddata - ****Maximized the browser*****
16:12:19.897 [main] INFO  TestCases1.TC_002_logininvaliddata - ****Waiting for elements to load*****
16:12:20.196 [main] INFO  TestCases1.TC_002_logininvaliddata - *****Clicked on login*****
16:12:23.333 [main] INFO  TestCases1.TC_002_logininvaliddata - *****Continue with email-id*****
16:12:26.694 [main] INFO  TestCases1.TC_002_logininvaliddata - *****Enter the Email-id*****
16:12:26.794 [main] INFO  TestCases1.TC_002_logininvaliddata - ******autocomplete drp click****
16:12:26.885 [main] INFO  TestCases1.TC_002_logininvaliddata - *****click on continue button*****
16:12:27.485 [main] INFO  TestCases1.TC_002_logininvaliddata - *****password Entered*****
16:12:27.603 [main] INFO  TestCases1.TC_002_logininvaliddata - ******click on continue button****
16:12:29.614 [main] INFO  TestCases1.TC_002_logininvaliddata - ****Closed browser*****
16:13:28.837 [main] INFO  TestCases1.TC_003logininvalidemail - ****Launched the Application*****
16:13:28.944 [main] INFO  TestCases1.TC_003logininvalidemail - ****Maximized the browser*****
16:13:28.969 [main] INFO  TestCases1.TC_003logininvalidemail - ****Waiting for elements to load*****
16:13:29.304 [main] INFO  TestCases1.TC_003logininvalidemail - *****Clicked on login*****
16:13:32.428 [main] INFO  TestCases1.TC_003logininvalidemail - *****Continue with email-id*****
16:13:35.652 [main] INFO  TestCases1.TC_003logininvalidemail - *****Enter the Email-id*****
16:13:46.444 [main] INFO  TestCases1.TC_003logininvalidemail - ****Closed browser*****
16:14:34.004 [main] INFO  TestCases1.TC_003logininvalidemail - ****Launched the Application*****
16:14:34.095 [main] INFO  TestCases1.TC_003logininvalidemail - ****Maximized the browser*****
16:14:34.141 [main] INFO  TestCases1.TC_003logininvalidemail - ****Waiting for elements to load*****
16:14:34.675 [main] INFO  TestCases1.TC_003logininvalidemail - *****Clicked on login*****
16:14:37.794 [main] INFO  TestCases1.TC_003logininvalidemail - *****Continue with email-id*****
16:14:41.041 [main] INFO  TestCases1.TC_003logininvalidemail - *****Enter the Email-id*****
16:14:41.145 [main] INFO  TestCases1.TC_003logininvalidemail - *****click on continue button*****
16:14:41.886 [main] INFO  TestCases1.TC_003logininvalidemail - ****Closed browser*****
16:17:26.951 [main] INFO  TestCases1.TC_003logininvalidemail - ****Launched the Application*****
16:17:27.022 [main] INFO  TestCases1.TC_003logininvalidemail - ****Maximized the browser*****
16:17:27.051 [main] INFO  TestCases1.TC_003logininvalidemail - ****Waiting for elements to load*****
16:17:27.349 [main] INFO  TestCases1.TC_003logininvalidemail - *****Clicked on login*****
16:17:30.447 [main] INFO  TestCases1.TC_003logininvalidemail - *****Continue with email-id*****
16:17:33.715 [main] INFO  TestCases1.TC_003logininvalidemail - *****Enter the Email-id*****
16:17:33.834 [main] INFO  TestCases1.TC_003logininvalidemail - *****click on continue button*****
16:17:34.620 [main] INFO  TestCases1.TC_003logininvalidemail - ****Closed browser*****
16:31:42.557 [main] INFO  TestCases1.TC_003logininvalidemail - ****Launched the Application*****
16:31:42.606 [main] INFO  TestCases1.TC_003logininvalidemail - ****Maximized the browser*****
16:31:42.617 [main] INFO  TestCases1.TC_003logininvalidemail - ****Waiting for elements to load*****
16:31:42.855 [main] INFO  TestCases1.TC_003logininvalidemail - *****Clicked on login*****
16:31:56.303 [main] INFO  TestCases1.TC_003logininvalidemail - ****Closed browser*****
10:34:31.615 [main] INFO  TestCases1.TC_001_loginvaliddata - ****Launched the Application*****
10:34:31.709 [main] INFO  TestCases1.TC_001_loginvaliddata - ****Maximized the browser*****
10:34:31.724 [main] INFO  TestCases1.TC_001_loginvaliddata - ****Waiting for elements to load*****
10:34:32.619 [main] INFO  TestCases1.TC_001_loginvaliddata - *****Clicked on login*****
10:34:35.722 [main] INFO  TestCases1.TC_001_loginvaliddata - *****Continue with email-id*****
10:34:39.043 [main] INFO  TestCases1.TC_001_loginvaliddata - *****Enter the Email-id*****
10:34:39.138 [main] INFO  TestCases1.TC_001_loginvaliddata - ******autocomplete drp click****
10:34:39.220 [main] INFO  TestCases1.TC_001_loginvaliddata - *****click on continue button*****
10:34:40.420 [main] INFO  TestCases1.TC_001_loginvaliddata - *****password Entered*****
10:34:40.525 [main] INFO  TestCases1.TC_001_loginvaliddata - ******click on continue button****
10:35:04.123 [main] INFO  TestCases1.TC_001_loginvaliddata - ****Closed browser*****
10:35:45.462 [main] INFO  TestCases1.TC_001_loginvaliddata - ****Launched the Application*****
10:35:45.568 [main] INFO  TestCases1.TC_001_loginvaliddata - ****Maximized the browser*****
10:35:45.584 [main] INFO  TestCases1.TC_001_loginvaliddata - ****Waiting for elements to load*****
10:35:46.304 [main] INFO  TestCases1.TC_001_loginvaliddata - *****Clicked on login*****
10:35:49.438 [main] INFO  TestCases1.TC_001_loginvaliddata - *****Continue with email-id*****
10:35:52.796 [main] INFO  TestCases1.TC_001_loginvaliddata - *****Enter the Email-id*****
10:35:52.892 [main] INFO  TestCases1.TC_001_loginvaliddata - ******autocomplete drp click****
10:35:52.971 [main] INFO  TestCases1.TC_001_loginvaliddata - *****click on continue button*****
10:35:54.919 [main] INFO  TestCases1.TC_001_loginvaliddata - *****password Entered*****
10:35:55.034 [main] INFO  TestCases1.TC_001_loginvaliddata - ******click on continue button****
10:36:25.923 [main] INFO  TestCases1.TC_001_loginvaliddata - ****Closed browser*****
10:38:59.690 [main] INFO  TestCases1.TC_001_loginvaliddata - ****Launched the Application*****
10:38:59.794 [main] INFO  TestCases1.TC_001_loginvaliddata - ****Maximized the browser*****
10:38:59.810 [main] INFO  TestCases1.TC_001_loginvaliddata - ****Waiting for elements to load*****
10:39:00.468 [main] INFO  TestCases1.TC_001_loginvaliddata - *****Clicked on login*****
10:39:03.606 [main] INFO  TestCases1.TC_001_loginvaliddata - *****Continue with email-id*****
10:39:06.927 [main] INFO  TestCases1.TC_001_loginvaliddata - *****Enter the Email-id*****
10:39:07.067 [main] INFO  TestCases1.TC_001_loginvaliddata - ******autocomplete drp click****
10:39:07.187 [main] INFO  TestCases1.TC_001_loginvaliddata - *****click on continue button*****
10:39:10.657 [main] INFO  TestCases1.TC_001_loginvaliddata - *****password Entered*****
10:39:10.758 [main] INFO  TestCases1.TC_001_loginvaliddata - ******click on continue button****
10:39:35.039 [main] INFO  TestCases1.TC_001_loginvaliddata - ****Closed browser*****
10:40:26.568 [main] INFO  TestCases1.TC_002_logininvaliddata - ****Launched the Application*****
10:40:58.240 [main] INFO  TestCases1.TC_002_logininvaliddata - ****Launched the Application*****
10:41:20.615 [main] INFO  TestCases1.TC_001_loginvaliddata - ****Launched the Application*****
10:41:44.700 [main] INFO  TestCases1.TC_002_logininvaliddata - ****Launched the Application*****
10:41:44.775 [main] INFO  TestCases1.TC_002_logininvaliddata - ****Maximized the browser*****
10:41:44.781 [main] INFO  TestCases1.TC_002_logininvaliddata - ****Waiting for elements to load*****
10:41:44.983 [main] INFO  TestCases1.TC_002_logininvaliddata - *****Clicked on login*****
10:41:48.125 [main] INFO  TestCases1.TC_002_logininvaliddata - *****Continue with email-id*****
10:41:51.416 [main] INFO  TestCases1.TC_002_logininvaliddata - *****Enter the Email-id*****
10:41:51.514 [main] INFO  TestCases1.TC_002_logininvaliddata - ******autocomplete drp click****
